<?xml version="1.0" encoding="UTF-8"?>
<testsuite xmlns:xsi="http://www.w3.org/2001/XMLSchema-instance" xsi:noNamespaceSchemaLocation="https://maven.apache.org/surefire/maven-surefire-plugin/xsd/surefire-test-report.xsd" name="TestSuite" time="26.79" tests="1" errors="0" skipped="0" failures="1">
  <properties>
[...]
</properties>
  <testcase name="feature" classname="Runner.MyRunner2" time="26.425">
    <failure message="org.openqa.selenium.TimeoutException: Expected condition failed: waiting for title to contain &quot;HubSpot Login&quot;. Current title: &quot;&quot; (tried for 6 second(s) with 500 milliseconds interval)" type="cucumber.runtime.CucumberException">cucumber.runtime.CucumberException: org.openqa.selenium.TimeoutException: Expected condition failed: waiting for title to contain "HubSpot Login". Current title: "" (tried for 6 second(s) with 500 milliseconds interval)
	at Runner.MyRunner2.feature(MyRunner2.java:36)
Caused by: org.openqa.selenium.TimeoutException: Expected condition failed: waiting for title to contain "HubSpot Login". Current title: "" (tried for 6 second(s) with 500 milliseconds interval)
Caused by: org.openqa.selenium.NoSuchWindowException: 
no such window: window was already closed
  (Session info: chrome=85.0.4183.121)
Build info: version: '3.11.0', revision: 'e59cfb3', time: '2018-03-11T20:26:55.152Z'
System info: host: 'Jeys-MBP.home', ip: 'fe80:0:0:0:1c29:c4d0:c7dc:5413%en0', os.name: 'Mac OS X', os.arch: 'x86_64', os.version: '10.15.7', java.version: '1.8.0_231'
Driver info: org.openqa.selenium.chrome.ChromeDriver
Capabilities {acceptInsecureCerts: false, browserName: chrome, browserVersion: 85.0.4183.121, chrome: {chromedriverVersion: 85.0.4183.87 (cd6713ebf92fa..., userDataDir: /var/folders/p0/h72mllqx00q...}, goog:chromeOptions: {debuggerAddress: localhost:62797}, javascriptEnabled: true, networkConnectionEnabled: false, pageLoadStrategy: normal, platform: MAC, platformName: MAC, proxy: Proxy(), setWindowRect: true, strictFileInteractability: false, timeouts: {implicit: 0, pageLoad: 300000, script: 30000}, unhandledPromptBehavior: dismiss and notify, webauthn:virtualAuthenticators: true}
Session ID: a38937bfb7949f5382caec16ebb70a61
	at Runner.MyRunner2.feature(MyRunner2.java:36)
</failure>
    <system-out><![CDATA[#Author:
Feature: Hubspot Login

  @SmokeTest3
  Scenario Outline: Hubspot login with diffrent credentials &amp#27;[90m# hubspotLogin.feature:5&amp#27;[0m
    &amp#27;[36mGiven &amp#27;[0m&amp#27;[36mI m entering hubspot url&amp#27;[0m
    &amp#27;[36mAnd &amp#27;[0m&amp#27;[36mverifying signUp link is there&amp#27;[0m
    &amp#27;[36mWhen &amp#27;[0m&amp#27;[36muser enter "<username>", and "<password>"&amp#27;[0m
    &amp#27;[36mAnd &amp#27;[0m&amp#27;[36muser click on the login button&amp#27;[0m

    Examples: 
title is :HubSpot Login
locator is: By.xpath: //i18n-string[contains(text(),'Sign up')]
WebElement created successfully: By.xpath: //i18n-string[contains(text(),'Sign up')]
[[ChromeDriver: chrome on MAC (19b5327e148712b130bbfc3eac1ee773)] -> xpath: //i18n-string[contains(text(),'Sign up')]] element is displayed
is element diplayed --- >true
locator is: By.id: username
WebElement created successfully: By.id: username
locator is: By.id: password
WebElement created successfully: By.id: password
locator is: By.id: loginBtn
WebElement created successfully: By.id: loginBtn

  @SmokeTest3
  Scenario Outline: Hubspot login with diffrent credentials &amp#27;[90m# hubspotLogin.feature:13&amp#27;[0m
    &amp#27;[32mGiven &amp#27;[0m&amp#27;[32mI m entering hubspot url&amp#27;[0m                          &amp#27;[90m# HubspotLogin.i_m_entering_hubspot_url()&amp#27;[0m
    &amp#27;[32mAnd &amp#27;[0m&amp#27;[32mverifying signUp link is there&amp#27;[0m                      &amp#27;[90m# HubspotLogin.verifying_signUp_link_is_there()&amp#27;[0m
    &amp#27;[32mWhen &amp#27;[0m&amp#27;[32muser enter "&amp#27;[0m&amp#27;[32m&amp#27;[1mjeyhun&amp#27;[0m&amp#27;[32m", and "&amp#27;[0m&amp#27;[32m&amp#27;[1msuccess&amp#27;[0m&amp#27;[32m"&amp#27;[0m                 &amp#27;[90m# HubspotLogin.user_enter_and(String,String)&amp#27;[0m
    &amp#27;[32mAnd &amp#27;[0m&amp#27;[32muser click on the login button&amp#27;[0m                      &amp#27;[90m# HubspotLogin.user_click_on_the_login_button()&amp#27;[0m
title is :HubSpot Login
locator is: By.xpath: //i18n-string[contains(text(),'Sign up')]
WebElement created successfully: By.xpath: //i18n-string[contains(text(),'Sign up')]
[[ChromeDriver: chrome on MAC (fd7be027dfb939e393d510f78ff4831d)] -> xpath: //i18n-string[contains(text(),'Sign up')]] element is displayed
is element diplayed --- >true
locator is: By.id: username
WebElement created successfully: By.id: username
locator is: By.id: password
WebElement created successfully: By.id: password
locator is: By.id: loginBtn
WebElement created successfully: By.id: loginBtn

  @SmokeTest3
  Scenario Outline: Hubspot login with diffrent credentials &amp#27;[90m# hubspotLogin.feature:14&amp#27;[0m
    &amp#27;[32mGiven &amp#27;[0m&amp#27;[32mI m entering hubspot url&amp#27;[0m                          &amp#27;[90m# HubspotLogin.i_m_entering_hubspot_url()&amp#27;[0m
    &amp#27;[32mAnd &amp#27;[0m&amp#27;[32mverifying signUp link is there&amp#27;[0m                      &amp#27;[90m# HubspotLogin.verifying_signUp_link_is_there()&amp#27;[0m
    &amp#27;[32mWhen &amp#27;[0m&amp#27;[32muser enter "&amp#27;[0m&amp#27;[32m&amp#27;[1mEmiliya&amp#27;[0m&amp#27;[32m", and "&amp#27;[0m&amp#27;[32m&amp#27;[1mpass&amp#27;[0m&amp#27;[32m"&amp#27;[0m                   &amp#27;[90m# HubspotLogin.user_enter_and(String,String)&amp#27;[0m
    &amp#27;[32mAnd &amp#27;[0m&amp#27;[32muser click on the login button&amp#27;[0m                      &amp#27;[90m# HubspotLogin.user_click_on_the_login_button()&amp#27;[0m

  @SmokeTest3
  Scenario Outline: Hubspot login with diffrent credentials &amp#27;[90m# hubspotLogin.feature:15&amp#27;[0m
    &amp#27;[31mGiven &amp#27;[0m&amp#27;[31mI m entering hubspot url&amp#27;[0m                          &amp#27;[90m# HubspotLogin.i_m_entering_hubspot_url()&amp#27;[0m
      &amp#27;[31morg.openqa.selenium.TimeoutException: Expected condition failed: waiting for title to contain "HubSpot Login". Current title: "" (tried for 6 second(s) with 500 milliseconds interval)
      	at org.openqa.selenium.support.ui.WebDriverWait.timeoutException(WebDriverWait.java:81)
      	at org.openqa.selenium.support.ui.FluentWait.until(FluentWait.java:271)
      	at Utilities.ElementUtility.waitForContainsTitleToBePresent(ElementUtility.java:421)
      	at stepDefinition.HubspotLogin.i_m_entering_hubspot_url(HubspotLogin.java:27)
      	at ✽.Given I m entering hubspot url(hubspotLogin.feature:6)
      Caused by: org.openqa.selenium.NoSuchWindowException: no such window: window was already closed
        (Session info: chrome=85.0.4183.121)
      Build info: version: '3.11.0', revision: 'e59cfb3', time: '2018-03-11T20:26:55.152Z'
      System info: host: 'Jeys-MBP.home', ip: 'fe80:0:0:0:1c29:c4d0:c7dc:5413%en0', os.name: 'Mac OS X', os.arch: 'x86_64', os.version: '10.15.7', java.version: '1.8.0_231'
      Driver info: org.openqa.selenium.chrome.ChromeDriver
      Capabilities {acceptInsecureCerts: false, browserName: chrome, browserVersion: 85.0.4183.121, chrome: {chromedriverVersion: 85.0.4183.87 (cd6713ebf92fa..., userDataDir: /var/folders/p0/h72mllqx00q...}, goog:chromeOptions: {debuggerAddress: localhost:62797}, javascriptEnabled: true, networkConnectionEnabled: false, pageLoadStrategy: normal, platform: MAC, platformName: MAC, proxy: Proxy(), setWindowRect: true, strictFileInteractability: false, timeouts: {implicit: 0, pageLoad: 300000, script: 30000}, unhandledPromptBehavior: dismiss and notify, webauthn:virtualAuthenticators: true}
      Session ID: a38937bfb7949f5382caec16ebb70a61
      	at sun.reflect.NativeConstructorAccessorImpl.newInstance0(Native Method)
      	at sun.reflect.NativeConstructorAccessorImpl.newInstance(NativeConstructorAccessorImpl.java:62)
      	at sun.reflect.DelegatingConstructorAccessorImpl.newInstance(DelegatingConstructorAccessorImpl.java:45)
      	at java.lang.reflect.Constructor.newInstance(Constructor.java:423)
      	at org.openqa.selenium.remote.http.W3CHttpResponseCodec.createException(W3CHttpResponseCodec.java:187)
      	at org.openqa.selenium.remote.http.W3CHttpResponseCodec.decode(W3CHttpResponseCodec.java:122)
      	at org.openqa.selenium.remote.http.W3CHttpResponseCodec.decode(W3CHttpResponseCodec.java:49)
      	at org.openqa.selenium.remote.HttpCommandExecutor.execute(HttpCommandExecutor.java:158)
      	at org.openqa.selenium.remote.service.DriverCommandExecutor.execute(DriverCommandExecutor.java:83)
      	at org.openqa.selenium.remote.RemoteWebDriver.execute(RemoteWebDriver.java:545)
      	at org.openqa.selenium.remote.RemoteWebDriver.execute(RemoteWebDriver.java:602)
      	at org.openqa.selenium.remote.RemoteWebDriver.getTitle(RemoteWebDriver.java:277)
      	at org.openqa.selenium.support.ui.ExpectedConditions$2.apply(ExpectedConditions.java:87)
      	at org.openqa.selenium.support.ui.ExpectedConditions$2.apply(ExpectedConditions.java:82)
      	at org.openqa.selenium.support.ui.FluentWait.until(FluentWait.java:248)
      	at Utilities.ElementUtility.waitForContainsTitleToBePresent(ElementUtility.java:421)
      	at stepDefinition.HubspotLogin.i_m_entering_hubspot_url(HubspotLogin.java:27)
      	at sun.reflect.NativeMethodAccessorImpl.invoke0(Native Method)
      	at sun.reflect.NativeMethodAccessorImpl.invoke(NativeMethodAccessorImpl.java:62)
      	at sun.reflect.DelegatingMethodAccessorImpl.invoke(DelegatingMethodAccessorImpl.java:43)
      	at java.lang.reflect.Method.invoke(Method.java:498)
      	at cucumber.runtime.Utils$1.call(Utils.java:40)
      	at cucumber.runtime.Timeout.timeout(Timeout.java:16)
      	at cucumber.runtime.Utils.invoke(Utils.java:34)
      	at cucumber.runtime.java.JavaStepDefinition.execute(JavaStepDefinition.java:38)
      	at cucumber.runtime.StepDefinitionMatch.runStep(StepDefinitionMatch.java:37)
      	at cucumber.runtime.Runtime.runStep(Runtime.java:300)
      	at cucumber.runtime.model.StepContainer.runStep(StepContainer.java:44)
      	at cucumber.runtime.model.StepContainer.runSteps(StepContainer.java:39)
      	at cucumber.runtime.model.CucumberScenario.run(CucumberScenario.java:44)
      	at cucumber.runtime.model.CucumberScenarioOutline.run(CucumberScenarioOutline.java:46)
      	at cucumber.runtime.model.CucumberFeature.run(CucumberFeature.java:165)
      	at cucumber.api.testng.TestNGCucumberRunner.runCucumber(TestNGCucumberRunner.java:63)
      	at Runner.MyRunner2.feature(MyRunner2.java:36)
      	at sun.reflect.NativeMethodAccessorImpl.invoke0(Native Method)
      	at sun.reflect.NativeMethodAccessorImpl.invoke(NativeMethodAccessorImpl.java:62)
      	at sun.reflect.DelegatingMethodAccessorImpl.invoke(DelegatingMethodAccessorImpl.java:43)
      	at java.lang.reflect.Method.invoke(Method.java:498)
      	at org.testng.internal.MethodInvocationHelper.invokeMethod(MethodInvocationHelper.java:124)
      	at org.testng.internal.Invoker.invokeMethod(Invoker.java:583)
      	at org.testng.internal.Invoker.invokeTestMethod(Invoker.java:719)
      	at org.testng.internal.Invoker.invokeTestMethods(Invoker.java:989)
      	at org.testng.internal.TestMethodWorker.invokeTestMethods(TestMethodWorker.java:125)
      	at org.testng.internal.TestMethodWorker.run(TestMethodWorker.java:109)
      	at org.testng.TestRunner.privateRun(TestRunner.java:648)
      	at org.testng.TestRunner.run(TestRunner.java:505)
      	at org.testng.SuiteRunner.runTest(SuiteRunner.java:455)
      	at org.testng.SuiteRunner.access$000(SuiteRunner.java:40)
      	at org.testng.SuiteRunner$SuiteWorker.run(SuiteRunner.java:489)
      	at org.testng.internal.thread.ThreadUtil$1.call(ThreadUtil.java:52)
      	at java.util.concurrent.FutureTask.run(FutureTask.java:266)
      	at java.util.concurrent.ThreadPoolExecutor.runWorker(ThreadPoolExecutor.java:1149)
      	at java.util.concurrent.ThreadPoolExecutor$Worker.run(ThreadPoolExecutor.java:624)
      	at java.lang.Thread.run(Thread.java:748)
      &amp#27;[0m
    &amp#27;[36mAnd &amp#27;[0m&amp#27;[36mverifying signUp link is there&amp#27;[0m                      &amp#27;[90m# HubspotLogin.verifying_signUp_link_is_there()&amp#27;[0m
    &amp#27;[36mWhen &amp#27;[0m&amp#27;[36muser enter "&amp#27;[0m&amp#27;[36m&amp#27;[1mNastyush&amp#27;[0m&amp#27;[36m", and "&amp#27;[0m&amp#27;[36m&amp#27;[1mgelmishdun&amp#27;[0m&amp#27;[36m"&amp#27;[0m            &amp#27;[90m# HubspotLogin.user_enter_and(String,String)&amp#27;[0m
    &amp#27;[36mAnd &amp#27;[0m&amp#27;[36muser click on the login button&amp#27;[0m                      &amp#27;[90m# HubspotLogin.user_click_on_the_login_button()&amp#27;[0m
]]></system-out>
    <system-err><![CDATA[SLF4J: Failed to load class "org.slf4j.impl.StaticLoggerBinder".
SLF4J: Defaulting to no-operation (NOP) logger implementation
SLF4J: See http://www.slf4j.org/codes.html#StaticLoggerBinder for further details.
Starting ChromeDriver 85.0.4183.87 (cd6713ebf92fa1cacc0f1a598df280093af0c5d7-refs/branch-heads/4183@{#1689}) on port 44128
Only local connections are allowed.
Please see https://chromedriver.chromium.org/security-considerations for suggestions on keeping ChromeDriver safe.
ChromeDriver was started successfully.
Sep 30, 2020 12:01:15 PM org.openqa.selenium.remote.ProtocolHandshake createSession
INFO: Detected dialect: W3C
Starting ChromeDriver 85.0.4183.87 (cd6713ebf92fa1cacc0f1a598df280093af0c5d7-refs/branch-heads/4183@{#1689}) on port 5153
Only local connections are allowed.
Please see https://chromedriver.chromium.org/security-considerations for suggestions on keeping ChromeDriver safe.
ChromeDriver was started successfully.
Sep 30, 2020 12:01:22 PM org.openqa.selenium.remote.ProtocolHandshake createSession
INFO: Detected dialect: W3C
Starting ChromeDriver 85.0.4183.87 (cd6713ebf92fa1cacc0f1a598df280093af0c5d7-refs/branch-heads/4183@{#1689}) on port 33232
Only local connections are allowed.
Please see https://chromedriver.chromium.org/security-considerations for suggestions on keeping ChromeDriver safe.
ChromeDriver was started successfully.
Sep 30, 2020 12:01:29 PM org.openqa.selenium.remote.ProtocolHandshake createSession
INFO: Detected dialect: W3C
]]></system-err>
  </testcase>
</testsuite>