<?xml version="1.0" encoding="UTF-8"?>
<testng-results skipped="0" failed="0" ignored="0" total="1" passed="1">
  <reporter-output>
  </reporter-output>
  <suite name="BDD Test Suite" duration-ms="22750" started-at="2020-09-30T11:38:22 EDT" finished-at="2020-09-30T11:38:45 EDT">
    <groups>
      <group name="cucumber">
        <method signature="MyRunner2.feature(cucumber.api.testng.CucumberFeatureWrapper)[pri:0, instance:Runner.MyRunner2@2c715e84]" name="feature" class="Runner.MyRunner2"/>
      </group> <!-- cucumber -->
    </groups>
    <test name="FREE CRM Test" duration-ms="22750" started-at="2020-09-30T11:38:22 EDT" finished-at="2020-09-30T11:38:45 EDT">
      <class name="Runner.MyRunner2">
        <test-method status="PASS" signature="setUpClass()[pri:0, instance:Runner.MyRunner2@2c715e84]" name="setUpClass" is-config="true" duration-ms="248" started-at="2020-09-30T11:38:22 EDT" finished-at="2020-09-30T11:38:22 EDT">
          <reporter-output>
          </reporter-output>
        </test-method> <!-- setUpClass -->
        <test-method status="PASS" signature="feature(cucumber.api.testng.CucumberFeatureWrapper)[pri:0, instance:Runner.MyRunner2@2c715e84]" name="feature" duration-ms="22232" started-at="2020-09-30T11:38:23 EDT" description="Runs Cucumber Feature" data-provider="features" finished-at="2020-09-30T11:38:45 EDT">
          <params>
            <param index="0">
              <value>
                <![CDATA[Hubspot Login]]>
              </value>
            </param>
          </params>
          <reporter-output>
          </reporter-output>
        </test-method> <!-- feature -->
        <test-method status="PASS" signature="tearDownClass()[pri:0, instance:Runner.MyRunner2@2c715e84]" name="tearDownClass" is-config="true" duration-ms="8" started-at="2020-09-30T11:38:45 EDT" finished-at="2020-09-30T11:38:45 EDT">
          <reporter-output>
          </reporter-output>
        </test-method> <!-- tearDownClass -->
      </class> <!-- Runner.MyRunner2 -->
    </test> <!-- FREE CRM Test -->
  </suite> <!-- BDD Test Suite -->
</testng-results>
